
Showing logs for build [32mcb-kubecd-bdd-spring-1593182411-kl7z8-1[0m stage [32mfrom-build-pack[0m and container [32mstep-credential-initializer-vp8hx[0m
{"level":"info","ts":1593182609.9908977,"logger":"fallback-logger","caller":"logging/config.go:69","msg":"Fetch GitHub commit ID from kodata failed: open /var/run/ko/refs/heads/0.8.0-ns-support: no such file or directory"}
{"level":"info","ts":1593182609.991649,"logger":"fallback-logger","caller":"creds-init/main.go:40","msg":"Credentials initialized."}

Showing logs for build [32mcb-kubecd-bdd-spring-1593182411-kl7z8-1[0m stage [32mfrom-build-pack[0m and container [32mstep-working-dir-initializer-wt6dh[0m
{"level":"info","ts":1593182611.4257686,"logger":"fallback-logger","caller":"logging/config.go:69","msg":"Fetch GitHub commit ID from kodata failed: open /var/run/ko/HEAD: no such file or directory"}
{"level":"info","ts":1593182611.4273767,"logger":"fallback-logger","caller":"bash/main.go:64","msg":"Successfully executed command \"sh -c mkdir -p /workspace/source\"; output "}

Showing logs for build [32mcb-kubecd-bdd-spring-1593182411-kl7z8-1[0m stage [32mfrom-build-pack[0m and container [32mstep-place-tools[0m

Showing logs for build [32mcb-kubecd-bdd-spring-1593182411-kl7z8-1[0m stage [32mfrom-build-pack[0m and container [32mstep-git-source-cb-kubecd-bdd-spring-1593182411-kl7z8-9ppz2[0m
{"level":"info","ts":1593182624.692019,"logger":"fallback-logger","caller":"logging/config.go:69","msg":"Fetch GitHub commit ID from kodata failed: open /var/run/ko/refs/heads/0.8.0-ns-support: no such file or directory"}
{"level":"info","ts":1593182625.994592,"logger":"fallback-logger","caller":"git/git.go:103","msg":"Successfully cloned https://github.com/cb-kubecd/bdd-spring-1593182411.git @ v0.0.1 in path /workspace/source"}

Showing logs for build [32mcb-kubecd-bdd-spring-1593182411-kl7z8-1[0m stage [32mfrom-build-pack[0m and container [32mstep-setup-builder-home[0m

Showing logs for build [32mcb-kubecd-bdd-spring-1593182411-kl7z8-1[0m stage [32mfrom-build-pack[0m and container [32mstep-git-merge[0m
Using SHAs from PULL_REFS=master:22c259cbae196620333de2216f26aeb8b418818e
WARNING: no SHAs to merge, falling back to initial cloned commit

Showing logs for build [32mcb-kubecd-bdd-spring-1593182411-kl7z8-1[0m stage [32mfrom-build-pack[0m and container [32mstep-setup-jx-git-credentials[0m
Generated Git credentials file /workspace/xdg_config/git/credentials

Showing logs for build [32mcb-kubecd-bdd-spring-1593182411-kl7z8-1[0m stage [32mfrom-build-pack[0m and container [32mstep-build-mvn-deploy[0m
Picked up _JAVA_OPTIONS: -XX:+UnlockExperimentalVMOptions -XX:+UseCGroupMemoryLimitForHeap -Dsun.zip.disableMemoryMapping=true -XX:+UseParallelGC -XX:MinHeapFreeRatio=5 -XX:MaxHeapFreeRatio=10 -XX:GCTimeRatio=4 -XX:AdaptiveSizePolicyWeight=90 -Xms10m -Xmx192m
OpenJDK 64-Bit Server VM warning: If the number of processors is expected to increase from one, then you should configure the number of parallel GC threads appropriately using -XX:ParallelGCThreads=N
[INFO] Scanning for projects...
[INFO] 
[INFO] -----------------< com.example:bdd-spring-1593182411 >------------------
[INFO] Building demo 0.0.1
[INFO] --------------------------------[ jar ]---------------------------------
[INFO] 
[INFO] --- maven-clean-plugin:3.1.0:clean (default-clean) @ bdd-spring-1593182411 ---
[INFO] 
[INFO] --- maven-resources-plugin:3.1.0:resources (default-resources) @ bdd-spring-1593182411 ---
[INFO] Using 'UTF-8' encoding to copy filtered resources.
[INFO] Copying 1 resource
[INFO] Copying 0 resource
[INFO] 
[INFO] --- maven-compiler-plugin:3.8.1:compile (default-compile) @ bdd-spring-1593182411 ---
[INFO] Changes detected - recompiling the module!
[INFO] Compiling 1 source file to /workspace/source/target/classes
[INFO] 
[INFO] --- maven-resources-plugin:3.1.0:testResources (default-testResources) @ bdd-spring-1593182411 ---
[INFO] Using 'UTF-8' encoding to copy filtered resources.
[INFO] skip non existing resourceDirectory /workspace/source/src/test/resources
[INFO] 
[INFO] --- maven-compiler-plugin:3.8.1:testCompile (default-testCompile) @ bdd-spring-1593182411 ---
[INFO] Changes detected - recompiling the module!
[INFO] Compiling 1 source file to /workspace/source/target/test-classes
[INFO] 
[INFO] --- maven-surefire-plugin:3.0.0-M1:test (default-test) @ bdd-spring-1593182411 ---
[INFO] 
[INFO] -------------------------------------------------------
[INFO]  T E S T S
[INFO] -------------------------------------------------------
[INFO] Running com.example.bddspring1593182411.DemoApplicationTests
14:44:37.133 [main] DEBUG org.springframework.test.context.BootstrapUtils - Instantiating CacheAwareContextLoaderDelegate from class [org.springframework.test.context.cache.DefaultCacheAwareContextLoaderDelegate]
14:44:37.179 [main] DEBUG org.springframework.test.context.BootstrapUtils - Instantiating BootstrapContext using constructor [public org.springframework.test.context.support.DefaultBootstrapContext(java.lang.Class,org.springframework.test.context.CacheAwareContextLoaderDelegate)]
14:44:37.272 [main] DEBUG org.springframework.test.context.BootstrapUtils - Instantiating TestContextBootstrapper for test class [com.example.bddspring1593182411.DemoApplicationTests] from class [org.springframework.boot.test.context.SpringBootTestContextBootstrapper]
14:44:37.304 [main] INFO org.springframework.boot.test.context.SpringBootTestContextBootstrapper - Neither @ContextConfiguration nor @ContextHierarchy found for test class [com.example.bddspring1593182411.DemoApplicationTests], using SpringBootContextLoader
14:44:37.316 [main] DEBUG org.springframework.test.context.support.AbstractContextLoader - Did not detect default resource location for test class [com.example.bddspring1593182411.DemoApplicationTests]: class path resource [com/example/bddspring1593182411/DemoApplicationTests-context.xml] does not exist
14:44:37.319 [main] DEBUG org.springframework.test.context.support.AbstractContextLoader - Did not detect default resource location for test class [com.example.bddspring1593182411.DemoApplicationTests]: class path resource [com/example/bddspring1593182411/DemoApplicationTestsContext.groovy] does not exist
14:44:37.322 [main] INFO org.springframework.test.context.support.AbstractContextLoader - Could not detect default resource locations for test class [com.example.bddspring1593182411.DemoApplicationTests]: no resource found for suffixes {-context.xml, Context.groovy}.
14:44:37.325 [main] INFO org.springframework.test.context.support.AnnotationConfigContextLoaderUtils - Could not detect default configuration classes for test class [com.example.bddspring1593182411.DemoApplicationTests]: DemoApplicationTests does not declare any static, non-private, non-final, nested classes annotated with @Configuration.
14:44:37.413 [main] DEBUG org.springframework.test.context.support.ActiveProfilesUtils - Could not find an 'annotation declaring class' for annotation type [org.springframework.test.context.ActiveProfiles] and class [com.example.bddspring1593182411.DemoApplicationTests]
14:44:37.594 [main] DEBUG org.springframework.context.annotation.ClassPathScanningCandidateComponentProvider - Identified candidate component class: file [/workspace/source/target/classes/com/example/bddspring1593182411/DemoApplication.class]
14:44:37.603 [main] INFO org.springframework.boot.test.context.SpringBootTestContextBootstrapper - Found @SpringBootConfiguration com.example.bddspring1593182411.DemoApplication for test class com.example.bddspring1593182411.DemoApplicationTests
14:44:37.895 [main] DEBUG org.springframework.boot.test.context.SpringBootTestContextBootstrapper - @TestExecutionListeners is not present for class [com.example.bddspring1593182411.DemoApplicationTests]: using defaults.
14:44:37.908 [main] INFO org.springframework.boot.test.context.SpringBootTestContextBootstrapper - Loaded default TestExecutionListener class names from location [META-INF/spring.factories]: [org.springframework.boot.test.mock.mockito.MockitoTestExecutionListener, org.springframework.boot.test.mock.mockito.ResetMocksTestExecutionListener, org.springframework.boot.test.autoconfigure.restdocs.RestDocsTestExecutionListener, org.springframework.boot.test.autoconfigure.web.client.MockRestServiceServerResetTestExecutionListener, org.springframework.boot.test.autoconfigure.web.servlet.MockMvcPrintOnlyOnFailureTestExecutionListener, org.springframework.boot.test.autoconfigure.web.servlet.WebDriverTestExecutionListener, org.springframework.boot.test.autoconfigure.webservices.client.MockWebServiceServerTestExecutionListener, org.springframework.test.context.web.ServletTestExecutionListener, org.springframework.test.context.support.DirtiesContextBeforeModesTestExecutionListener, org.springframework.test.context.support.DependencyInjectionTestExecutionListener, org.springframework.test.context.support.DirtiesContextTestExecutionListener, org.springframework.test.context.transaction.TransactionalTestExecutionListener, org.springframework.test.context.jdbc.SqlScriptsTestExecutionListener, org.springframework.test.context.event.EventPublishingTestExecutionListener]
14:44:37.995 [main] DEBUG org.springframework.boot.test.context.SpringBootTestContextBootstrapper - Skipping candidate TestExecutionListener [org.springframework.test.context.transaction.TransactionalTestExecutionListener] due to a missing dependency. Specify custom listener classes or make the default listener classes and their required dependencies available. Offending class: [org/springframework/transaction/TransactionDefinition]
14:44:38.003 [main] DEBUG org.springframework.boot.test.context.SpringBootTestContextBootstrapper - Skipping candidate TestExecutionListener [org.springframework.test.context.jdbc.SqlScriptsTestExecutionListener] due to a missing dependency. Specify custom listener classes or make the default listener classes and their required dependencies available. Offending class: [org/springframework/transaction/interceptor/TransactionAttribute]
14:44:38.003 [main] INFO org.springframework.boot.test.context.SpringBootTestContextBootstrapper - Using TestExecutionListeners: [org.springframework.test.context.web.ServletTestExecutionListener@7fee8714, org.springframework.test.context.support.DirtiesContextBeforeModesTestExecutionListener@4229bb3f, org.springframework.boot.test.mock.mockito.MockitoTestExecutionListener@56cdfb3b, org.springframework.boot.test.autoconfigure.SpringBootDependencyInjectionTestExecutionListener@2b91004a, org.springframework.test.context.support.DirtiesContextTestExecutionListener@20ccf40b, org.springframework.test.context.event.EventPublishingTestExecutionListener@2fb3536e, org.springframework.boot.test.mock.mockito.ResetMocksTestExecutionListener@169e6180, org.springframework.boot.test.autoconfigure.restdocs.RestDocsTestExecutionListener@35aea049, org.springframework.boot.test.autoconfigure.web.client.MockRestServiceServerResetTestExecutionListener@7205765b, org.springframework.boot.test.autoconfigure.web.servlet.MockMvcPrintOnlyOnFailureTestExecutionListener@47987356, org.springframework.boot.test.autoconfigure.web.servlet.WebDriverTestExecutionListener@22ef9844, org.springframework.boot.test.autoconfigure.webservices.client.MockWebServiceServerTestExecutionListener@6283d8b8]
14:44:38.018 [main] DEBUG org.springframework.test.context.support.AbstractDirtiesContextTestExecutionListener - Before test class: context [DefaultTestContext@618425b5 testClass = DemoApplicationTests, testInstance = [null], testMethod = [null], testException = [null], mergedContextConfiguration = [WebMergedContextConfiguration@58695725 testClass = DemoApplicationTests, locations = '{}', classes = '{class com.example.bddspring1593182411.DemoApplication}', contextInitializerClasses = '[]', activeProfiles = '{}', propertySourceLocations = '{}', propertySourceProperties = '{org.springframework.boot.test.context.SpringBootTestContextBootstrapper=true}', contextCustomizers = set[org.springframework.boot.test.context.filter.ExcludeFilterContextCustomizer@33afa13b, org.springframework.boot.test.json.DuplicateJsonObjectContextCustomizerFactory$DuplicateJsonObjectContextCustomizer@56a6d5a6, org.springframework.boot.test.mock.mockito.MockitoContextCustomizer@0, org.springframework.boot.test.web.client.TestRestTemplateContextCustomizer@7c469c48, org.springframework.boot.test.autoconfigure.properties.PropertyMappingContextCustomizer@0, org.springframework.boot.test.autoconfigure.web.servlet.WebDriverContextCustomizerFactory$Customizer@433d61fb, org.springframework.boot.test.context.SpringBootTestArgs@1], resourceBasePath = 'src/main/webapp', contextLoader = 'org.springframework.boot.test.context.SpringBootContextLoader', parent = [null]], attributes = map['org.springframework.test.context.web.ServletTestExecutionListener.activateListener' -> true]], class annotated with @DirtiesContext [false] with mode [null].
14:44:38.111 [main] DEBUG org.springframework.test.context.support.TestPropertySourceUtils - Adding inlined properties to environment: {spring.jmx.enabled=false, org.springframework.boot.test.context.SpringBootTestContextBootstrapper=true}

  .   ____          _            __ _ _
 /\\ / ___'_ __ _ _(_)_ __  __ _ \ \ \ \
( ( )\___ | '_ | '_| | '_ \/ _` | \ \ \ \
 \\/  ___)| |_)| | | | | || (_| |  ) ) ) )
  '  |____| .__|_| |_|_| |_\__, | / / / /
 =========|_|==============|___/=/_/_/_/
 :: Spring Boot ::        (v2.3.1.RELEASE)

2020-06-26 14:44:38.804  INFO 68 --- [           main] c.e.b.DemoApplicationTests               : Starting DemoApplicationTests on cb-kubecd-bdd-spring-1593182411-kl7z8-1-from-build-pack-r5vzk-p with PID 68 (started by root in /workspace/source)
2020-06-26 14:44:38.810  INFO 68 --- [           main] c.e.b.DemoApplicationTests               : No active profile set, falling back to default profiles: default
2020-06-26 14:44:46.303  INFO 68 --- [           main] o.s.s.concurrent.ThreadPoolTaskExecutor  : Initializing ExecutorService 'applicationTaskExecutor'
2020-06-26 14:44:48.905  INFO 68 --- [           main] o.s.b.a.e.web.EndpointLinksResolver      : Exposing 2 endpoint(s) beneath base path '/actuator'
2020-06-26 14:44:49.138  INFO 68 --- [           main] c.e.b.DemoApplicationTests               : Started DemoApplicationTests in 10.953 seconds (JVM running for 13.793)
[INFO] Tests run: 1, Failures: 0, Errors: 0, Skipped: 0, Time elapsed: 13.005 s - in com.example.bddspring1593182411.DemoApplicationTests
2020-06-26 14:44:50.027  INFO 68 --- [extShutdownHook] o.s.s.concurrent.ThreadPoolTaskExecutor  : Shutting down ExecutorService 'applicationTaskExecutor'
[INFO] 
[INFO] Results:
[INFO] 
[INFO] Tests run: 1, Failures: 0, Errors: 0, Skipped: 0
[INFO] 
[INFO] 
[INFO] --- maven-jar-plugin:3.2.0:jar (default-jar) @ bdd-spring-1593182411 ---
[INFO] Building jar: /workspace/source/target/bdd-spring-1593182411-0.0.1.jar
[INFO] 
[INFO] --- spring-boot-maven-plugin:2.3.1.RELEASE:repackage (repackage) @ bdd-spring-1593182411 ---
[INFO] Replacing main artifact with repackaged archive
[INFO] 
[INFO] --- maven-install-plugin:2.5.2:install (default-install) @ bdd-spring-1593182411 ---
[INFO] Installing /workspace/source/target/bdd-spring-1593182411-0.0.1.jar to /home/jenkins/.mvnrepository/com/example/bdd-spring-1593182411/0.0.1/bdd-spring-1593182411-0.0.1.jar
[INFO] Installing /workspace/source/pom.xml to /home/jenkins/.mvnrepository/com/example/bdd-spring-1593182411/0.0.1/bdd-spring-1593182411-0.0.1.pom
[INFO] 
[INFO] --- maven-deploy-plugin:2.8.2:deploy (default-deploy) @ bdd-spring-1593182411 ---
[INFO] Using alternate deployment repository local-nexus::default::http://nexus/repository/maven-releases/
[INFO] ------------------------------------------------------------------------
[INFO] BUILD SUCCESS
[INFO] ------------------------------------------------------------------------
[INFO] Total time:  01:13 min
[INFO] Finished at: 2020-06-26T14:45:06Z
[INFO] ------------------------------------------------------------------------

Showing logs for build [32mcb-kubecd-bdd-spring-1593182411-kl7z8-1[0m stage [32mfrom-build-pack[0m and container [32mstep-build-skaffold-version[0m
v1.0.1

Showing logs for build [32mcb-kubecd-bdd-spring-1593182411-kl7z8-1[0m stage [32mfrom-build-pack[0m and container [32mstep-build-container-build[0m
E0626 14:45:08.617418      10 aws_credentials.go:77] while getting AWS credentials NoCredentialProviders: no valid providers in chain. Deprecated.
	For verbose messaging see aws.Config.CredentialsChainVerboseErrors
[36mINFO[0m[0001] Using dockerignore file: /workspace/source/.dockerignore 
[36mINFO[0m[0001] Retrieving image manifest openjdk:8-jdk-slim 
E0626 14:45:09.055091      10 metadata.go:154] while reading 'google-dockercfg' metadata: http status code: 404 while fetching url http://metadata.google.internal./computeMetadata/v1/instance/attributes/google-dockercfg
E0626 14:45:09.058389      10 metadata.go:166] while reading 'google-dockercfg-url' metadata: http status code: 404 while fetching url http://metadata.google.internal./computeMetadata/v1/instance/attributes/google-dockercfg-url
[36mINFO[0m[0002] Retrieving image manifest openjdk:8-jdk-slim 
[36mINFO[0m[0003] Built cross stage deps: map[]                
[36mINFO[0m[0003] Retrieving image manifest openjdk:8-jdk-slim 
[36mINFO[0m[0004] Retrieving image manifest openjdk:8-jdk-slim 
[36mINFO[0m[0005] Executing 0 build triggers                   
[36mINFO[0m[0005] cmd: EXPOSE                                  
[36mINFO[0m[0005] Adding exposed port: 8080/tcp                
[36mINFO[0m[0005] Resolving srcs [pom.xml target/lib*]...      
[36mINFO[0m[0005] Checking for cached layer gcr.io/jenkins-x-bdd3/cache:aabf0607a74eb5eff30805bd24cba35f63ac8e38ed4cbcd78a62c40d7fc47e28... 
[36mINFO[0m[0005] No cached layer found for cmd COPY pom.xml target/lib* /opt/lib/ 
[36mINFO[0m[0005] Resolving srcs [target/*.jar]...             
[36mINFO[0m[0006] Unpacking rootfs as cmd COPY pom.xml target/lib* /opt/lib/ requires it. 
[36mINFO[0m[0013] ENV PORT 8080                                
[36mINFO[0m[0013] No files changed in this command, skipping snapshotting. 
[36mINFO[0m[0013] ENV CLASSPATH /opt/lib                       
[36mINFO[0m[0013] No files changed in this command, skipping snapshotting. 
[36mINFO[0m[0013] EXPOSE 8080                                  
[36mINFO[0m[0013] cmd: EXPOSE                                  
[36mINFO[0m[0013] Adding exposed port: 8080/tcp                
[36mINFO[0m[0013] No files changed in this command, skipping snapshotting. 
[36mINFO[0m[0013] Resolving srcs [pom.xml target/lib*]...      
[36mINFO[0m[0013] COPY pom.xml target/lib* /opt/lib/           
[36mINFO[0m[0013] Resolving srcs [pom.xml target/lib*]...      
[36mINFO[0m[0013] Resolving 1 paths                            
[36mINFO[0m[0013] Taking snapshot of files...                  
[36mINFO[0m[0013] Pushing layer gcr.io/jenkins-x-bdd3/cache:aabf0607a74eb5eff30805bd24cba35f63ac8e38ed4cbcd78a62c40d7fc47e28 to cache now 
[36mINFO[0m[0013] Resolving srcs [target/*.jar]...             
[36mINFO[0m[0013] COPY target/*.jar /opt/app.jar               
[36mINFO[0m[0013] Resolving srcs [target/*.jar]...             
[36mINFO[0m[0013] Resolving 1 paths                            
[36mINFO[0m[0013] Taking snapshot of files...                  
[36mINFO[0m[0014] Pushing layer gcr.io/jenkins-x-bdd3/cache:fa5862af5610950991526a653b30567e6e0a318367a24081de4f5ec8dbf9df40 to cache now 
[36mINFO[0m[0014] WORKDIR /opt                                 
[36mINFO[0m[0014] cmd: workdir                                 
[36mINFO[0m[0014] Changed working directory to /opt            
[36mINFO[0m[0014] No files changed in this command, skipping snapshotting. 
[36mINFO[0m[0014] CMD ["java", "-XX:+UnlockExperimentalVMOptions", "-XX:+UseCGroupMemoryLimitForHeap", "-jar", "app.jar"] 
[36mINFO[0m[0014] No files changed in this command, skipping snapshotting. 

Showing logs for build [32mcb-kubecd-bdd-spring-1593182411-kl7z8-1[0m stage [32mfrom-build-pack[0m and container [32mstep-build-post-build[0m
no CVE provider running in the current ** namespace so skip adding image to be analysed

Showing logs for build [32mcb-kubecd-bdd-spring-1593182411-kl7z8-1[0m stage [32mfrom-build-pack[0m and container [32mstep-promote-changelog[0m
Converted /workspace/source/charts/bdd-spring-1593182411 to an unshallow repository
Generating change log from git ref bc958a346754e231fbdf2e573e3775adaa6d6c31 => af43b860a06ae774644b1647dd2940ff79fa890d
Associating user x-0 in users.jenkins.io with email c**d-bot@cloudbees.com to git GitProvider user with login -0 as emails match
Adding label jenkins.io/git-github-userid=-0 to user x-0 in users.jenkins.io
WARNING: Failed to enrich commit 22c259cbae196620333de2216f26aeb8b418818e with issues: User.jenkins.io "x-0" is invalid: metadata.labels: Invalid value: "-0": a valid label must be an empty string or consist of alphanumeric characters, '-', '_' or '.', and must start and end with an alphanumeric character (e.g. 'MyValue',  or 'my_value',  or '12345', regex used for validation is '(([A-Za-z0-9][-A-Za-z0-9_.]*)?[A-Za-z0-9])?')
Finding issues in commit messages using git format
Associating user x-0 in users.jenkins.io with email c**d-bot@cloudbees.com to git GitProvider user with login -0 as emails match
Adding label jenkins.io/git-github-userid=-0 to user x-0 in users.jenkins.io
WARNING: Failed to enrich commit 0f3d29114913524e929b85eb80be50ffdfb3f14a with issues: User.jenkins.io "x-0" is invalid: metadata.labels: Invalid value: "-0": a valid label must be an empty string or consist of alphanumeric characters, '-', '_' or '.', and must start and end with an alphanumeric character (e.g. 'MyValue',  or 'my_value',  or '12345', regex used for validation is '(([A-Za-z0-9][-A-Za-z0-9_.]*)?[A-Za-z0-9])?')
Associating user x-0 in users.jenkins.io with email c**d-bot@cloudbees.com to git GitProvider user with login -0 as emails match
Adding label jenkins.io/git-github-userid=-0 to user x-0 in users.jenkins.io
WARNING: Failed to enrich commit 0f3d29114913524e929b85eb80be50ffdfb3f14a with issues: User.jenkins.io "x-0" is invalid: metadata.labels: Invalid value: "-0": a valid label must be an empty string or consist of alphanumeric characters, '-', '_' or '.', and must start and end with an alphanumeric character (e.g. 'MyValue',  or 'my_value',  or '12345', regex used for validation is '(([A-Za-z0-9][-A-Za-z0-9_.]*)?[A-Za-z0-9])?')
WARNING: No release found for cb-kubecd/bdd-spring-1593182411 and tag v0.0.1 so creating a new release
Updated the release information at https://github.com/cb-kubecd/bdd-spring-1593182411/releases/tag/v0.0.1
generated: /workspace/source/charts/bdd-spring-1593182411/templates/release.yaml
Created Release bdd-spring-1593182411-0-0-1 resource in namespace **
Updating PipelineActivity cb-kubecd-bdd-spring-1593182411-master-1 with version 0.0.1
Updated PipelineActivities cb-kubecd-bdd-spring-1593182411-master-1 with release notes URL: https://github.com/cb-kubecd/bdd-spring-1593182411/releases/tag/v0.0.1

Showing logs for build [32mcb-kubecd-bdd-spring-1593182411-kl7z8-1[0m stage [32mfrom-build-pack[0m and container [32mstep-promote-helm-release[0m
WARNING: No $CHART_REPOSITORY defined so using the default value of: http://jenkins-x-chartmuseum:8080
Adding missing Helm repo: storage.googleapis.com https://storage.googleapis.com/chartmuseum.jenkins-x.io
WARNING: No secrets found on "helm/repos" due: reading the secret "helm/repos" from vault: no secret "helm/repos" not found in vault
Read credentials for https://storage.googleapis.com/chartmuseum.jenkins-x.io from vault helm/repos
Successfully added Helm repository storage.googleapis.com.
Adding missing Helm repo: jenkins-x-chartmuseum http://jenkins-x-chartmuseum:8080
WARNING: No secrets found on "helm/repos" due: reading the secret "helm/repos" from vault: no secret "helm/repos" not found in vault
Read credentials for http://jenkins-x-chartmuseum:8080 from vault helm/repos
Successfully added Helm repository jenkins-x-chartmuseum.
WARNING: No $CHART_REPOSITORY defined so using the default value of: http://jenkins-x-chartmuseum:8080
Uploading chart file bdd-spring-1593182411-0.0.1.tgz to http://jenkins-x-chartmuseum:8080/api/charts
Received 201 response: {"saved":true}

Showing logs for build [32mcb-kubecd-bdd-spring-1593182411-kl7z8-1[0m stage [32mfrom-build-pack[0m and container [32mstep-promote-jx-promote[0m
WARNING: prow based install so skip waiting for the merge of Pull Requests to go green as currently there is an issue with gettingstatuses from the PR, see https://github.com/jenkins-x/**/issues/2410
WARNING: No $CHART_REPOSITORY defined so using the default value of: http://jenkins-x-chartmuseum:8080
Promoting app bdd-spring-1593182411 version 0.0.1 to namespace **-staging
WARNING: Waiting for the fork of c**d-bot-test/environment-pr-245-4-gke-upgrade-staging to appear...
Forked Git repository to https://github.com/c**d-bot-test/environment-pr-245-4-gke-upgrade-staging
Created Pull Request: https://github.com/cb-kubecd/environment-pr-245-4-gke-upgrade-staging/pull/1
Added label updatebot to Pull Request https://github.com/cb-kubecd/environment-pr-245-4-gke-upgrade-staging/pull/1
got git provider status pending from PR https://github.com/cb-kubecd/environment-pr-245-4-gke-upgrade-staging/pull/1
got git provider status pending from PR https://github.com/cb-kubecd/environment-pr-245-4-gke-upgrade-staging/pull/1
got git provider status pending from PR https://github.com/cb-kubecd/environment-pr-245-4-gke-upgrade-staging/pull/1
got git provider status pending from PR https://github.com/cb-kubecd/environment-pr-245-4-gke-upgrade-staging/pull/1
got git provider status pending from PR https://github.com/cb-kubecd/environment-pr-245-4-gke-upgrade-staging/pull/1
got git provider status pending from PR https://github.com/cb-kubecd/environment-pr-245-4-gke-upgrade-staging/pull/1
Pull Request https://github.com/cb-kubecd/environment-pr-245-4-gke-upgrade-staging/pull/1 is merged at sha 859971dbf5d07723ed75472c8436e13cf4623ce6
Pull Request merged but we are not waiting for the update pipeline to complete!
WARNING: Could not find the service URL in namespace **-staging for names bdd-spring-1593182411, **-bdd-spring-1593182411, **-staging-bdd-spring-1593182411
